Arguments: 
  C:\Program Files\nodejs\node.exe C:\Program Files (x86)\Yarn\bin\yarn.js add --modules-folder=wwwroot\lib jquery-treegrid

PATH: 
  C:\PROGRAM FILES (X86)\MICROSOFT VISUAL STUDIO\2017\ENTERPRISE\COMMON7\IDE\EXTENSIONS\GITHUB\GITHUB\lib\win32\x86;C:\ProgramData\DockerDesktop\version-bin;C:\Program Files\Docker\Docker\Resources\bin;C:\WINDOWS\system32;C:\WINDOWS;C:\WINDOWS\System32\Wbem;C:\WINDOWS\System32\WindowsPowerShell\v1.0\;C:\WINDOWS\System32\OpenSSH\;C:\Program Files (x86)\NVIDIA Corporation\PhysX\Common;C:\Program Files\Git\cmd;C:\Program Files\nodejs\;C:\Program Files\dotnet\;C:\Program Files\Microsoft SQL Server\130\Tools\Binn\;C:\Program Files (x86)\dotnet\;C:\Program Files (x86)\Microsoft SQL Server\140\Tools\Binn\;C:\Program Files\Microsoft SQL Server\140\Tools\Binn\;C:\Program Files (x86)\Microsoft SQL Server\140\DTS\Binn\;C:\Program Files\Microsoft SQL Server\140\DTS\Binn\;C:\Program Files\Microsoft SQL Server\Client SDK\ODBC\130\Tools\Binn\;C:\Program Files (x86)\Microsoft SQL Server\Client SDK\ODBC\130\Tools\Binn\;C:\Program Files (x86)\Microsoft SQL Server\140\Tools\Binn\ManagementStudio\;C:\Program Files (x86)\Yarn\bin\;C:\Users\nucas\AppData\Local\Programs\Python\Python37-32\Scripts\;C:\Users\nucas\AppData\Local\Programs\Python\Python37-32\;C:\Users\nucas\AppData\Local\Microsoft\WindowsApps;;C:\Users\nucas\AppData\Roaming\npm;C:\Users\nucas\.dotnet\tools;C:\Users\nucas\AppData\Local\Programs\Microsoft VS Code\bin;C:\Users\nucas\AppData\Local\Programs\Fiddler;C:\Users\nucas\AppData\Local\Yarn\bin

Yarn version: 
  1.12.3

Node version: 
  10.12.0

Platform: 
  win32 x64

Trace: 
  Error: ENOENT: no such file or directory, lstat 'D:\Fetch Training\DotnetProject\NUShop\NUShop\NUShop.WebMVC\wwwroot\lib\mustache'

npm manifest: 
  {
    "author": "nucasspro",
    "dependencies": {
      "animate.css": "^3.7.0",
      "bootbox": "4.4.0",
      "bootstrap": "^4.2.1",
      "bootstrap-daterangepicker": "3.0.3",
      "ckeditor": "4.11.1",
      "font-awesome": "4.7.0",
      "jquery": "^3.3.1",
      "jquery-easyui": "1.5.21",
      "jquery-treegrid": "0.3.0",
      "mustache": "3.0.1",
      "popper.js": "1.14.6",
      "toastr": "2.1.4",
      "twbs-pagination": "1.4.1"
    },
    "description": "",
    "devDependencies": {},
    "license": "ISC",
    "main": "index.js",
    "name": "webmvc",
    "scripts": {
      "test": "nucasspro"
    },
    "version": "1.0.0"
  }

yarn manifest: 
  No manifest

Lockfile: 
  # THIS IS AN AUTOGENERATED FILE. DO NOT EDIT THIS FILE DIRECTLY.
  # yarn lockfile v1
  
  
  animate.css@^3.7.0:
    version "3.7.0"
    resolved "https://registry.yarnpkg.com/animate.css/-/animate.css-3.7.0.tgz#5de25d1ee5fba11ba6a1e2c4fa568f512eb7d4da"
    integrity sha512-u3iMXDJr0cxMdQocIciDiou9Au4L5f9uT+/jCtprw3s1j3HcfCuI+khF+90Ps2KdsEhM2soF7SXB4WUvI3HlXg==
  
  bootbox@4.4.0:
    version "4.4.0"
    resolved "https://registry.yarnpkg.com/bootbox/-/bootbox-4.4.0.tgz#ff7f898fb87d4527e547feb64158f88450d1a0c9"
    integrity sha1-/3+Jj7h9RSflR/62QVj4hFDRoMk=
  
  bootstrap-daterangepicker@3.0.3:
    version "3.0.3"
    resolved "https://registry.yarnpkg.com/bootstrap-daterangepicker/-/bootstrap-daterangepicker-3.0.3.tgz#670c638dc124a15a95ddf0440af34d1acee7cffc"
    integrity sha512-RJ0iOpVornF/6bf+L1jzPr95MoPM7zp3MILtNZ7ADu5RZFoMznHD4GbPu3URkPhcPABA2RqMnhk/CvO7iyNBtw==
    dependencies:
      jquery ">=1.10"
      moment "^2.9.0"
  
  bootstrap@^4.2.1:
    version "4.2.1"
    resolved "https://registry.yarnpkg.com/bootstrap/-/bootstrap-4.2.1.tgz#8f8bdca024dbf0e8644da32e918c8a03a90a5757"
    integrity sha512-tt/7vIv3Gm2mnd/WeDx36nfGGHleil0Wg8IeB7eMrVkY0fZ5iTaBisSh8oNANc2IBsCc6vCgCNTIM/IEN0+50Q==
  
  ckeditor@4.11.1:
    version "4.11.1"
    resolved "https://registry.yarnpkg.com/ckeditor/-/ckeditor-4.11.1.tgz#ace84b209573abf2b8430c214500e68ab06e7a14"
    integrity sha512-UhHe02cc/wWJquDQZysEgh0ohLMEMU56zDx+s8prDdjylY/aBDY2xdIiIpbgCBTXdjhrEPIAPyiDS9g3RxYXig==
  
  font-awesome@4.7.0:
    version "4.7.0"
    resolved "https://registry.yarnpkg.com/font-awesome/-/font-awesome-4.7.0.tgz#8fa8cf0411a1a31afd07b06d2902bb9fc815a133"
    integrity sha1-j6jPBBGhoxr9B7BtKQK7n8gVoTM=
  
  jquery-easyui@1.5.21:
    version "1.5.21"
    resolved "https://registry.yarnpkg.com/jquery-easyui/-/jquery-easyui-1.5.21.tgz#536821a5d2befee778c1b6ae9ae2ef4a124b10bb"
    integrity sha1-U2ghpdK+/ud4wbaumuLvShJLELs=
  
  jquery@>=1.10, jquery@>=1.7, jquery@^3.3.1:
    version "3.3.1"
    resolved "https://registry.yarnpkg.com/jquery/-/jquery-3.3.1.tgz#958ce29e81c9790f31be7792df5d4d95fc57fbca"
    integrity sha512-Ubldcmxp5np52/ENotGxlLe6aGMvmF4R8S6tZjsP6Knsaxd/xp3Zrh50cG93lR6nPXyUFwzN3ZSOQI0wRJNdGg==
  
  moment@^2.9.0:
    version "2.23.0"
    resolved "https://registry.yarnpkg.com/moment/-/moment-2.23.0.tgz#759ea491ac97d54bac5ad776996e2a58cc1bc225"
    integrity sha512-3IE39bHVqFbWWaPOMHZF98Q9c3LDKGTmypMiTM2QygGXXElkFWIH7GxfmlwmY2vwa+wmNsoYZmG2iusf1ZjJoA==
  
  mustache@3.0.1:
    version "3.0.1"
    resolved "https://registry.yarnpkg.com/mustache/-/mustache-3.0.1.tgz#873855f23aa8a95b150fb96d9836edbc5a1d248a"
    integrity sha512-jFI/4UVRsRYdUbuDTKT7KzfOp7FiD5WzYmmwNwXyUVypC0xjoTL78Fqc0jHUPIvvGD+6DQSPHIt1NE7D1ArsqA==
  
  notifyjs@^3.0.0:
    version "3.0.0"
    resolved "https://registry.yarnpkg.com/notifyjs/-/notifyjs-3.0.0.tgz#7418c9d6c0533aebaa643414214af53b521d1b28"
    integrity sha1-dBjJ1sBTOuuqZDQUIUr1O1IdGyg=
  
  popper.js@1.14.6:
    version "1.14.6"
    resolved "https://registry.yarnpkg.com/popper.js/-/popper.js-1.14.6.tgz#ab20dd4edf9288b8b3b6531c47c361107b60b4b0"
    integrity sha512-AGwHGQBKumlk/MDfrSOf0JHhJCImdDMcGNoqKmKkU+68GFazv3CQ6q9r7Ja1sKDZmYWTckY/uLyEznheTDycnA==
  
  twbs-pagination@1.4.1:
    version "1.4.1"
    resolved "https://registry.yarnpkg.com/twbs-pagination/-/twbs-pagination-1.4.1.tgz#f17eb6db540fe051bc878665aa4dc628ee4fc81c"
    integrity sha1-8X6221QP4FG8h4Zlqk3GKO5PyBw=
    dependencies:
      jquery ">=1.7"
